<?xml version="1.0" encoding="UTF-8"?>
<testng-results ignored="0" total="1" passed="1" failed="0" skipped="0">
  <reporter-output>
  </reporter-output>
  <suite started-at="2023-01-05T00:24:02 IST" name="Suite" finished-at="2023-01-05T00:25:32 IST" duration-ms="89655">
    <groups>
    </groups>
    <test started-at="2023-01-05T00:24:02 IST" name="Test" finished-at="2023-01-05T00:25:32 IST" duration-ms="89655">
      <class name="Com.OrangeHRM.TestCases.TC_SignIn">
        <test-method is-config="true" signature="Initiate()[pri:0, instance:Com.OrangeHRM.TestCases.TC_SignIn@45b9a632]" started-at="2023-01-05T00:24:02 IST" name="Initiate" finished-at="2023-01-05T00:24:58 IST" duration-ms="55586" status="PASS">
          <reporter-output>
          </reporter-output>
        </test-method> <!-- Initiate -->
        <test-method signature="SignInTest()[pri:0, instance:Com.OrangeHRM.TestCases.TC_SignIn@45b9a632]" started-at="2023-01-05T00:24:58 IST" name="SignInTest" finished-at="2023-01-05T00:25:18 IST" duration-ms="20575" status="PASS">
          <reporter-output>
          </reporter-output>
        </test-method> <!-- SignInTest -->
        <test-method is-config="true" signature="Teardown()[pri:0, instance:Com.OrangeHRM.TestCases.TC_SignIn@45b9a632]" started-at="2023-01-05T00:25:18 IST" name="Teardown" finished-at="2023-01-05T00:25:32 IST" duration-ms="13301" status="PASS">
          <reporter-output>
          </reporter-output>
        </test-method> <!-- Teardown -->
      </class> <!-- Com.OrangeHRM.TestCases.TC_SignIn -->
    </test> <!-- Test -->
  </suite> <!-- Suite -->
</testng-results>
