<?xml version="1.0" encoding="UTF-8"?>
<testng-results ignored="0" total="1" passed="1" failed="0" skipped="0">
  <reporter-output>
  </reporter-output>
  <suite started-at="2023-01-05T03:09:55 IST" name="Suite" finished-at="2023-01-05T03:11:08 IST" duration-ms="72789">
    <groups>
    </groups>
    <test started-at="2023-01-05T03:09:55 IST" name="Test" finished-at="2023-01-05T03:11:08 IST" duration-ms="72789">
      <class name="Com.OrangeHRM.TestCases.TC_SignIn">
        <test-method is-config="true" signature="Initiate()[pri:0, instance:Com.OrangeHRM.TestCases.TC_SignIn@318ba8c8]" started-at="2023-01-05T03:09:56 IST" name="Initiate" finished-at="2023-01-05T03:10:45 IST" duration-ms="49353" status="PASS">
          <reporter-output>
          </reporter-output>
        </test-method> <!-- Initiate -->
        <test-method signature="SignInTest()[pri:0, instance:Com.OrangeHRM.TestCases.TC_SignIn@318ba8c8]" started-at="2023-01-05T03:10:45 IST" name="SignInTest" finished-at="2023-01-05T03:10:57 IST" duration-ms="12313" status="PASS">
          <reporter-output>
          </reporter-output>
        </test-method> <!-- SignInTest -->
        <test-method is-config="true" signature="Teardown()[pri:0, instance:Com.OrangeHRM.TestCases.TC_SignIn@318ba8c8]" started-at="2023-01-05T03:10:57 IST" name="Teardown" finished-at="2023-01-05T03:11:08 IST" duration-ms="11063" status="PASS">
          <reporter-output>
          </reporter-output>
        </test-method> <!-- Teardown -->
      </class> <!-- Com.OrangeHRM.TestCases.TC_SignIn -->
    </test> <!-- Test -->
  </suite> <!-- Suite -->
</testng-results>
