<?xml version="1.0" encoding="UTF-8"?>
<testng-results ignored="0" total="1" passed="1" failed="0" skipped="0">
  <reporter-output>
  </reporter-output>
  <suite started-at="2023-01-03T00:25:27 IST" name="Suite" finished-at="2023-01-03T00:26:45 IST" duration-ms="78047">
    <groups>
    </groups>
    <test started-at="2023-01-03T00:25:27 IST" name="Test" finished-at="2023-01-03T00:26:45 IST" duration-ms="78047">
      <class name="Com.OrangeHRM.TestCases.TC_SignIn">
        <test-method is-config="true" signature="Initiate()[pri:0, instance:Com.OrangeHRM.TestCases.TC_SignIn@7193666c]" started-at="2023-01-03T00:25:27 IST" name="Initiate" finished-at="2023-01-03T00:26:24 IST" duration-ms="57116" status="PASS">
          <reporter-output>
          </reporter-output>
        </test-method> <!-- Initiate -->
        <test-method signature="SignInTest()[pri:0, instance:Com.OrangeHRM.TestCases.TC_SignIn@7193666c]" started-at="2023-01-03T00:26:24 IST" name="SignInTest" finished-at="2023-01-03T00:26:35 IST" duration-ms="10563" status="PASS">
          <reporter-output>
          </reporter-output>
        </test-method> <!-- SignInTest -->
        <test-method is-config="true" signature="Teardown()[pri:0, instance:Com.OrangeHRM.TestCases.TC_SignIn@7193666c]" started-at="2023-01-03T00:26:35 IST" name="Teardown" finished-at="2023-01-03T00:26:45 IST" duration-ms="10308" status="PASS">
          <reporter-output>
          </reporter-output>
        </test-method> <!-- Teardown -->
      </class> <!-- Com.OrangeHRM.TestCases.TC_SignIn -->
    </test> <!-- Test -->
  </suite> <!-- Suite -->
</testng-results>
